mode: set
github.com\yamazaki164\csrmaker-echo\handler.go:9.41,18.2 4 0
github.com\yamazaki164\csrmaker-echo\handler.go:20.42,22.36 2 0
github.com\yamazaki164\csrmaker-echo\handler.go:27.2,27.49 1 0
github.com\yamazaki164\csrmaker-echo\handler.go:31.2,33.36 3 0
github.com\yamazaki164\csrmaker-echo\handler.go:36.2,37.14 2 0
github.com\yamazaki164\csrmaker-echo\handler.go:40.2,41.14 2 0
github.com\yamazaki164\csrmaker-echo\handler.go:45.2,53.53 4 0
github.com\yamazaki164\csrmaker-echo\handler.go:22.36,24.3 1 0
github.com\yamazaki164\csrmaker-echo\handler.go:27.49,29.3 1 0
github.com\yamazaki164\csrmaker-echo\handler.go:33.36,35.3 1 0
github.com\yamazaki164\csrmaker-echo\handler.go:37.14,39.3 1 0
github.com\yamazaki164\csrmaker-echo\handler.go:41.14,43.3 1 0
github.com\yamazaki164\csrmaker-echo\main.go:17.101,20.64 1 0
github.com\yamazaki164\csrmaker-echo\main.go:24.2,24.51 1 0
github.com\yamazaki164\csrmaker-echo\main.go:20.64,22.3 1 0
github.com\yamazaki164\csrmaker-echo\main.go:27.13,36.2 5 0
github.com\yamazaki164\csrmaker-echo\openssl.go:18.56,21.16 3 1
github.com\yamazaki164\csrmaker-echo\openssl.go:25.2,31.38 3 1
github.com\yamazaki164\csrmaker-echo\openssl.go:35.2,36.26 2 1
github.com\yamazaki164\csrmaker-echo\openssl.go:49.2,49.16 1 1
github.com\yamazaki164\csrmaker-echo\openssl.go:53.2,53.39 1 1
github.com\yamazaki164\csrmaker-echo\openssl.go:21.16,23.3 1 1
github.com\yamazaki164\csrmaker-echo\openssl.go:31.38,33.3 1 0
github.com\yamazaki164\csrmaker-echo\openssl.go:37.23,38.103 1 1
github.com\yamazaki164\csrmaker-echo\openssl.go:39.23,40.103 1 1
github.com\yamazaki164\csrmaker-echo\openssl.go:41.23,42.103 1 1
github.com\yamazaki164\csrmaker-echo\openssl.go:43.21,44.101 1 1
github.com\yamazaki164\csrmaker-echo\openssl.go:45.11,46.50 1 1
github.com\yamazaki164\csrmaker-echo\openssl.go:49.16,51.3 1 1
github.com\yamazaki164\csrmaker-echo\openssl.go:56.49,71.16 3 1
github.com\yamazaki164\csrmaker-echo\openssl.go:75.2,80.39 2 1
github.com\yamazaki164\csrmaker-echo\openssl.go:71.16,73.3 1 0
github.com\yamazaki164\csrmaker-echo\openssl.go:83.43,89.2 2 1
github.com\yamazaki164\csrmaker-echo\archive.go:13.53,20.2 2 1
github.com\yamazaki164\csrmaker-echo\archive.go:22.30,24.30 2 1
github.com\yamazaki164\csrmaker-echo\archive.go:32.2,32.12 1 1
github.com\yamazaki164\csrmaker-echo\archive.go:24.30,26.15 2 0
github.com\yamazaki164\csrmaker-echo\archive.go:29.3,29.13 1 0
github.com\yamazaki164\csrmaker-echo\archive.go:26.15,27.12 1 0
github.com\yamazaki164\csrmaker-echo\csr.go:54.50,58.42 3 1
github.com\yamazaki164\csrmaker-echo\csr.go:63.2,63.89 1 1
github.com\yamazaki164\csrmaker-echo\csr.go:68.2,68.56 1 1
github.com\yamazaki164\csrmaker-echo\csr.go:73.2,73.62 1 1
github.com\yamazaki164\csrmaker-echo\csr.go:78.2,78.19 1 1
github.com\yamazaki164\csrmaker-echo\csr.go:82.2,82.22 1 1
github.com\yamazaki164\csrmaker-echo\csr.go:87.2,87.32 1 1
github.com\yamazaki164\csrmaker-echo\csr.go:92.2,92.24 1 1
github.com\yamazaki164\csrmaker-echo\csr.go:97.2,97.24 1 1
github.com\yamazaki164\csrmaker-echo\csr.go:58.42,61.3 2 1
github.com\yamazaki164\csrmaker-echo\csr.go:63.89,66.3 2 0
github.com\yamazaki164\csrmaker-echo\csr.go:68.56,71.3 2 1
github.com\yamazaki164\csrmaker-echo\csr.go:73.62,76.3 2 0
github.com\yamazaki164\csrmaker-echo\csr.go:78.19,81.3 2 0
github.com\yamazaki164\csrmaker-echo\csr.go:82.22,85.3 2 0
github.com\yamazaki164\csrmaker-echo\csr.go:87.32,90.3 2 0
github.com\yamazaki164\csrmaker-echo\csr.go:92.24,95.3 2 0
