mode: set
github.com\yamazaki164\csrmaker-echo\archive.go:13.53,20.2 2 1
github.com\yamazaki164\csrmaker-echo\archive.go:22.30,24.30 2 1
github.com\yamazaki164\csrmaker-echo\archive.go:32.2,32.12 1 1
github.com\yamazaki164\csrmaker-echo\archive.go:24.30,26.15 2 0
github.com\yamazaki164\csrmaker-echo\archive.go:29.3,29.13 1 0
github.com\yamazaki164\csrmaker-echo\archive.go:26.15,27.12 1 0
github.com\yamazaki164\csrmaker-echo\config.go:16.30,18.2 1 1
github.com\yamazaki164\csrmaker-echo\config.go:20.26,22.64 2 1
github.com\yamazaki164\csrmaker-echo\config.go:28.2,28.10 1 1
github.com\yamazaki164\csrmaker-echo\config.go:22.64,26.3 1 1
github.com\yamazaki164\csrmaker-echo\csr.go:54.50,58.42 3 1
github.com\yamazaki164\csrmaker-echo\csr.go:63.2,63.89 1 1
github.com\yamazaki164\csrmaker-echo\csr.go:68.2,68.56 1 1
github.com\yamazaki164\csrmaker-echo\csr.go:73.2,73.62 1 1
github.com\yamazaki164\csrmaker-echo\csr.go:78.2,78.19 1 1
github.com\yamazaki164\csrmaker-echo\csr.go:82.2,82.22 1 1
github.com\yamazaki164\csrmaker-echo\csr.go:87.2,87.32 1 1
github.com\yamazaki164\csrmaker-echo\csr.go:92.2,92.24 1 1
github.com\yamazaki164\csrmaker-echo\csr.go:97.2,97.24 1 1
github.com\yamazaki164\csrmaker-echo\csr.go:58.42,61.3 2 1
github.com\yamazaki164\csrmaker-echo\csr.go:63.89,66.3 2 0
github.com\yamazaki164\csrmaker-echo\csr.go:68.56,71.3 2 1
github.com\yamazaki164\csrmaker-echo\csr.go:73.62,76.3 2 0
github.com\yamazaki164\csrmaker-echo\csr.go:78.19,81.3 2 0
github.com\yamazaki164\csrmaker-echo\csr.go:82.22,85.3 2 0
github.com\yamazaki164\csrmaker-echo\csr.go:87.32,90.3 2 0
github.com\yamazaki164\csrmaker-echo\csr.go:92.24,95.3 2 0
github.com\yamazaki164\csrmaker-echo\handler.go:9.41,18.2 4 0
github.com\yamazaki164\csrmaker-echo\handler.go:20.42,22.36 2 0
github.com\yamazaki164\csrmaker-echo\handler.go:27.2,27.49 1 0
github.com\yamazaki164\csrmaker-echo\handler.go:31.2,33.36 3 0
github.com\yamazaki164\csrmaker-echo\handler.go:36.2,44.53 4 0
github.com\yamazaki164\csrmaker-echo\handler.go:22.36,24.3 1 0
github.com\yamazaki164\csrmaker-echo\handler.go:27.49,29.3 1 0
github.com\yamazaki164\csrmaker-echo\handler.go:33.36,35.3 1 0
github.com\yamazaki164\csrmaker-echo\main.go:18.101,21.64 1 0
github.com\yamazaki164\csrmaker-echo\main.go:25.2,25.51 1 0
github.com\yamazaki164\csrmaker-echo\main.go:21.64,23.3 1 0
github.com\yamazaki164\csrmaker-echo\main.go:28.13,38.2 6 0
github.com\yamazaki164\csrmaker-echo\openssl.go:18.26,20.2 1 1
github.com\yamazaki164\csrmaker-echo\openssl.go:22.23,24.2 1 1
github.com\yamazaki164\csrmaker-echo\openssl.go:26.43,28.16 2 1
github.com\yamazaki164\csrmaker-echo\openssl.go:31.2,32.23 2 1
github.com\yamazaki164\csrmaker-echo\openssl.go:28.16,29.13 1 0
github.com\yamazaki164\csrmaker-echo\openssl.go:35.34,36.40 1 1
github.com\yamazaki164\csrmaker-echo\openssl.go:36.40,37.13 1 0
github.com\yamazaki164\csrmaker-echo\openssl.go:41.46,58.2 8 1
github.com\yamazaki164\csrmaker-echo\openssl.go:60.35,62.2 1 1
github.com\yamazaki164\csrmaker-echo\openssl.go:64.35,66.2 1 1
github.com\yamazaki164\csrmaker-echo\openssl.go:68.47,75.43 2 1
github.com\yamazaki164\csrmaker-echo\openssl.go:83.2,85.12 2 1
github.com\yamazaki164\csrmaker-echo\openssl.go:75.43,81.3 1 1
github.com\yamazaki164\csrmaker-echo\openssl.go:88.33,90.16 2 1
github.com\yamazaki164\csrmaker-echo\openssl.go:90.16,91.13 1 0
github.com\yamazaki164\csrmaker-echo\openssl.go:95.31,98.16 3 1
github.com\yamazaki164\csrmaker-echo\openssl.go:98.16,99.13 1 1
github.com\yamazaki164\csrmaker-echo\openssl.go:103.33,105.2 1 1
github.com\yamazaki164\csrmaker-echo\openssl.go:107.47,118.43 2 1
github.com\yamazaki164\csrmaker-echo\openssl.go:122.2,124.12 2 1
github.com\yamazaki164\csrmaker-echo\openssl.go:118.43,120.3 1 1
github.com\yamazaki164\csrmaker-echo\openssl.go:127.33,129.16 2 1
github.com\yamazaki164\csrmaker-echo\openssl.go:129.16,130.13 1 0
github.com\yamazaki164\csrmaker-echo\openssl.go:134.31,137.16 3 1
github.com\yamazaki164\csrmaker-echo\openssl.go:137.16,138.13 1 1
